app/build/outputs/logs/manifest-merger-debug-report.txt
-- Merging decision tree log ---
manifest
ADDED from src\main\AndroidManifest.xml:2:1-124:12
	package
		ADDED from src\main\AndroidManifest.xml:3:11-47
		INJECTED from src\main\AndroidManifest.xml
		INJECTED from src\main\AndroidManifest.xml
	android:versionName
		INJECTED from src\main\AndroidManifest.xml
		INJECTED from src\main\AndroidManifest.xml
	xmlns:android
		ADDED from src\main\AndroidManifest.xml:2:11-69
	android:versionCode
		INJECTED from src\main\AndroidManifest.xml
		INJECTED from src\main\AndroidManifest.xml
uses-permission#android.permission.INTERNET
ADDED from src\main\AndroidManifest.xml:6:5-67
	android:name
		ADDED from src\main\AndroidManifest.xml:6:22-64
uses-permission#android.permission.ACCESS_NETWORK_STATE
ADDED from src\main\AndroidManifest.xml:7:5-79
	android:name
		ADDED from src\main\AndroidManifest.xml:7:22-76
uses-permission#android.permission.ACCESS_WIFI_STATE
ADDED from src\main\AndroidManifest.xml:8:5-76
	android:name
		ADDED from src\main\AndroidManifest.xml:8:22-73
uses-permission#android.permission.WAKE_LOCK
ADDED from src\main\AndroidManifest.xml:9:5-68
	android:name
		ADDED from src\main\AndroidManifest.xml:9:22-65
uses-permission#android.permission.WRITE_EXTERNAL_STORAGE
ADDED from src\main\AndroidManifest.xml:10:5-81
MERGED from [BookCircle:multi-image-selector:unspecified] AndroidManifest.xml:12:5-81
	android:name
		ADDED from src\main\AndroidManifest.xml:10:22-78
uses-permission#android.permission.READ_PHONE_STATE
ADDED from src\main\AndroidManifest.xml:11:5-75
	android:name
		ADDED from src\main\AndroidManifest.xml:11:22-72
uses-permission#android.permission.CHANGE_NETWORK_STATE
ADDED from src\main\AndroidManifest.xml:17:5-78
	android:name
		ADDED from src\main\AndroidManifest.xml:17:22-76
uses-permission#android.permission.READ_EXTERNAL_STORAGE
ADDED from src\main\AndroidManifest.xml:23:5-79
MERGED from [BookCircle:multi-image-selector:unspecified] AndroidManifest.xml:11:5-80
	android:name
		ADDED from src\main\AndroidManifest.xml:23:22-77
uses-permission#android.permission.CAMERA
ADDED from src\main\AndroidManifest.xml:25:5-64
	android:name
		ADDED from src\main\AndroidManifest.xml:25:22-62
uses-permission#android.permission.RECORD_AUDIO
ADDED from src\main\AndroidManifest.xml:27:5-70
	android:name
		ADDED from src\main\AndroidManifest.xml:27:22-68
uses-permission#android.permission.VIBRATE
ADDED from src\main\AndroidManifest.xml:29:5-65
	android:name
		ADDED from src\main\AndroidManifest.xml:29:22-63
uses-permission#android.permission.READ_LOGS
ADDED from src\main\AndroidManifest.xml:37:5-68
	android:name
		ADDED from src\main\AndroidManifest.xml:37:22-65
uses-permission#android.permission.ACCESS_COARSE_LOCATION
ADDED from src\main\AndroidManifest.xml:38:5-81
	android:name
		ADDED from src\main\AndroidManifest.xml:38:22-78
uses-permission#android.permission.ACCESS_FINE_LOCATION
ADDED from src\main\AndroidManifest.xml:39:5-79
	android:name
		ADDED from src\main\AndroidManifest.xml:39:22-76
application
ADDED from src\main\AndroidManifest.xml:41:5-122:19
MERGED from [com.android.support.constraint:constraint-layout:1.0.2] AndroidManifest.xml:9:5-20
MERGED from [de.hdodenhof:circleimageview:2.1.0] AndroidManifest.xml:9:5-20
MERGED from [BookCircle:multi-image-selector:unspecified] AndroidManifest.xml:14:5-18:19
MERGED from [com.android.support:design:25.1.1] AndroidManifest.xml:25:5-20
MERGED from [com.android.support:appcompat-v7:25.1.1] AndroidManifest.xml:25:5-20
MERGED from [com.android.support:animated-vector-drawable:25.1.1] AndroidManifest.xml:22:5-20
MERGED from [com.android.support:support-vector-drawable:25.1.1] AndroidManifest.xml:23:5-20
MERGED from [com.android.support:transition:25.1.1] AndroidManifest.xml:22:5-20
MERGED from [com.android.support:support-v4:25.1.1] AndroidManifest.xml:25:5-20
MERGED from [com.android.support:support-fragment:25.1.1] AndroidManifest.xml:25:5-20
MERGED from [com.android.support:support-media-compat:25.1.1] AndroidManifest.xml:25:5-20
MERGED from [com.android.support:support-core-utils:25.1.1] AndroidManifest.xml:25:5-20
MERGED from [com.android.support:support-core-ui:25.1.1] AndroidManifest.xml:25:5-20
MERGED from [com.android.support:support-compat:25.1.1] AndroidManifest.xml:25:5-20
MERGED from [com.orhanobut:logger:1.4] AndroidManifest.xml:11:5-47
MERGED from [cn.bmob.android:bmob-im:2.0.9] AndroidManifest.xml:11:5-15:19
MERGED from [cn.bmob.android:bmob-sdk:3.5.6] AndroidManifest.xml:11:5-14:19
	android:label
		ADDED from src\main\AndroidManifest.xml:45:9-41
	android:supportsRtl
		ADDED from src\main\AndroidManifest.xml:47:9-35
	android:roundIcon
		ADDED from src\main\AndroidManifest.xml:46:9-54
	android:allowBackup
		ADDED from src\main\AndroidManifest.xml:42:9-35
	android:icon
		ADDED from src\main\AndroidManifest.xml:43:9-41
	android:theme
		ADDED from src\main\AndroidManifest.xml:48:9-40
	android:name
		ADDED from src\main\AndroidManifest.xml:44:9-50
activity#top.thanks_code.bookcircle.ui.MainActivity
ADDED from src\main\AndroidManifest.xml:49:9-52
	android:name
		ADDED from src\main\AndroidManifest.xml:49:19-50
activity#top.thanks_code.bookcircle.ui.RegistActivity
ADDED from src\main\AndroidManifest.xml:50:9-54
	android:name
		ADDED from src\main\AndroidManifest.xml:50:19-52
activity#top.thanks_code.bookcircle.ui.ActivityResetPassword2
ADDED from src\main\AndroidManifest.xml:51:9-62
	android:name
		ADDED from src\main\AndroidManifest.xml:51:19-60
activity#top.thanks_code.bookcircle.ui.UploadActivity
ADDED from src\main\AndroidManifest.xml:52:9-94
	android:windowSoftInputMode
		ADDED from src\main\AndroidManifest.xml:52:53-92
	android:name
		ADDED from src\main\AndroidManifest.xml:52:19-52
activity#top.thanks_code.bookcircle.ui.ActivityBookInfo
ADDED from src\main\AndroidManifest.xml:53:9-56
	android:name
		ADDED from src\main\AndroidManifest.xml:53:19-54
activity#top.thanks_code.bookcircle.ui.ActivitySearch
ADDED from src\main\AndroidManifest.xml:54:9-54
	android:name
		ADDED from src\main\AndroidManifest.xml:54:19-52
activity#top.thanks_code.bookcircle.ui.ActivityImageViewer
ADDED from src\main\AndroidManifest.xml:55:9-59
	android:name
		ADDED from src\main\AndroidManifest.xml:55:19-57
activity#top.thanks_code.bookcircle.ui.ActivityLogin
ADDED from src\main\AndroidManifest.xml:56:9-53
	android:name
		ADDED from src\main\AndroidManifest.xml:56:19-51
activity#top.thanks_code.bookcircle.ui.ActivityModifyUserName
ADDED from src\main\AndroidManifest.xml:57:9-62
	android:name
		ADDED from src\main\AndroidManifest.xml:57:19-60
activity#top.thanks_code.bookcircle.ui.ActivitySetting
ADDED from src\main\AndroidManifest.xml:58:9-55
	android:name
		ADDED from src\main\AndroidManifest.xml:58:19-53
activity#top.thanks_code.bookcircle.ui.ActivityNotifacation
ADDED from src\main\AndroidManifest.xml:59:9-60
	android:name
		ADDED from src\main\AndroidManifest.xml:59:19-58
activity#top.thanks_code.bookcircle.ui.ChatActivity
ADDED from src\main\AndroidManifest.xml:60:9-52
	android:name
		ADDED from src\main\AndroidManifest.xml:60:19-50
activity#top.thanks_code.bookcircle.ui.ActivityEditBookInfo
ADDED from src\main\AndroidManifest.xml:61:9-60
	android:name
		ADDED from src\main\AndroidManifest.xml:61:19-58
activity#top.thanks_code.bookcircle.ui.MyBooksActivity
ADDED from src\main\AndroidManifest.xml:62:9-55
	android:name
		ADDED from src\main\AndroidManifest.xml:62:19-53
activity#top.thanks_code.bookcircle.ui.ActivityViewUs
ADDED from src\main\AndroidManifest.xml:63:9-54
	android:name
		ADDED from src\main\AndroidManifest.xml:63:19-52
activity#top.thanks_code.bookcircle.ui.ActivitySplash
ADDED from src\main\AndroidManifest.xml:64:9-70:20
	android:theme
		ADDED from src\main\AndroidManifest.xml:64:53-101
	android:name
		ADDED from src\main\AndroidManifest.xml:64:19-52
intent-filter#android.intent.action.MAIN+android.intent.category.LAUNCHER
ADDED from src\main\AndroidManifest.xml:65:13-69:25
action#android.intent.action.MAIN
ADDED from src\main\AndroidManifest.xml:66:13-64
	android:name
		ADDED from src\main\AndroidManifest.xml:66:21-62
category#android.intent.category.LAUNCHER
ADDED from src\main\AndroidManifest.xml:68:13-72
	android:name
		ADDED from src\main\AndroidManifest.xml:68:23-70
activity#top.thanks_code.bookcircle.ui.ActivityModifyPhoneNumber
ADDED from src\main\AndroidManifest.xml:71:9-65
	android:name
		ADDED from src\main\AndroidManifest.xml:71:19-63
activity#top.thanks_code.bookcircle.ui.ActivityViewMe
ADDED from src\main\AndroidManifest.xml:72:9-54
	android:name
		ADDED from src\main\AndroidManifest.xml:72:19-52
activity#cn.bmob.imdemo.ui.SplashActivity
ADDED from src\main\AndroidManifest.xml:75:9-83:20
	android:label
		ADDED from src\main\AndroidManifest.xml:77:13-45
	android:name
		ADDED from src\main\AndroidManifest.xml:76:13-60
activity#cn.bmob.imdemo.ui.LoginActivity
ADDED from src\main\AndroidManifest.xml:84:9-67
	android:name
		ADDED from src\main\AndroidManifest.xml:84:19-65
activity#cn.bmob.imdemo.ui.MainActivity
ADDED from src\main\AndroidManifest.xml:85:9-66
	android:name
		ADDED from src\main\AndroidManifest.xml:85:19-64
activity#cn.bmob.imdemo.ui.RegisterActivity
ADDED from src\main\AndroidManifest.xml:86:9-70
	android:name
		ADDED from src\main\AndroidManifest.xml:86:19-68
activity#cn.bmob.imdemo.ui.SearchUserActivity
ADDED from src\main\AndroidManifest.xml:87:9-72
	android:name
		ADDED from src\main\AndroidManifest.xml:87:19-70
activity#cn.bmob.imdemo.ui.UserInfoActivity
ADDED from src\main\AndroidManifest.xml:88:9-70
	android:name
		ADDED from src\main\AndroidManifest.xml:88:19-68
activity#cn.bmob.imdemo.ui.NewFriendActivity
ADDED from src\main\AndroidManifest.xml:89:9-71
	android:name
		ADDED from src\main\AndroidManifest.xml:89:19-69
activity#cn.bmob.imdemo.ui.ChatActivity
ADDED from src\main\AndroidManifest.xml:91:9-94:75
	android:screenOrientation
		ADDED from src\main\AndroidManifest.xml:93:13-49
	android:windowSoftInputMode
		ADDED from src\main\AndroidManifest.xml:94:13-73
	android:name
		ADDED from src\main\AndroidManifest.xml:92:13-58
receiver#cn.bmob.newim.core.ConnectChangeReceiver
ADDED from src\main\AndroidManifest.xml:97:9-104:20
	android:name
		ADDED from src\main\AndroidManifest.xml:97:19-74
intent-filter#android.intent.action.BOOT_COMPLETED+android.intent.action.USER_PRESENT+android.net.conn.CONNECTIVITY_CHANGE+cn.bmob.action.RECONNECT
ADDED from src\main\AndroidManifest.xml:98:13-103:29
action#cn.bmob.action.RECONNECT
ADDED from src\main\AndroidManifest.xml:99:17-66
	android:name
		ADDED from src\main\AndroidManifest.xml:99:25-64
action#android.net.conn.CONNECTIVITY_CHANGE
ADDED from src\main\AndroidManifest.xml:100:17-78
	android:name
		ADDED from src\main\AndroidManifest.xml:100:25-76
action#android.intent.action.BOOT_COMPLETED
ADDED from src\main\AndroidManifest.xml:101:17-78
	android:name
		ADDED from src\main\AndroidManifest.xml:101:25-76
action#android.intent.action.USER_PRESENT
ADDED from src\main\AndroidManifest.xml:102:17-76
	android:name
		ADDED from src\main\AndroidManifest.xml:102:25-74
service#cn.bmob.newim.core.service.BmobIMService
ADDED from src\main\AndroidManifest.xml:106:9-108:42
	android:process
		ADDED from src\main\AndroidManifest.xml:108:13-40
	android:name
		ADDED from src\main\AndroidManifest.xml:107:13-68
service#cn.bmob.newim.core.service.NotifyService
ADDED from src\main\AndroidManifest.xml:109:9-111:42
	android:process
		ADDED from src\main\AndroidManifest.xml:111:13-40
	android:name
		ADDED from src\main\AndroidManifest.xml:110:13-68
service#cn.bmob.newim.core.service.ReConnectService
ADDED from src\main\AndroidManifest.xml:112:9-78
	android:name
		ADDED from src\main\AndroidManifest.xml:112:18-76
service#cn.bmob.newim.core.service.HeartBeatService
ADDED from src\main\AndroidManifest.xml:113:9-78
	android:name
		ADDED from src\main\AndroidManifest.xml:113:18-76
meta-data#Bmob_APP_KEY
ADDED from src\main\AndroidManifest.xml:117:9-119:63
	android:value
		ADDED from src\main\AndroidManifest.xml:119:13-61
	android:name
		ADDED from src\main\AndroidManifest.xml:118:13-40
uses-sdk
INJECTED from src\main\AndroidManifest.xml reason: use-sdk injection requested
MERGED from [com.android.support.constraint:constraint-layout:1.0.2] AndroidManifest.xml:5:5-7:41
MERGED from [de.hdodenhof:circleimageview:2.1.0] AndroidManifest.xml:5:5-7:41
MERGED from [BookCircle:multi-image-selector:unspecified] AndroidManifest.xml:7:5-9:41
MERGED from [com.android.support:multidex:1.0.1] AndroidManifest.xml:18:5-42
MERGED from [com.android.support:design:25.1.1] AndroidManifest.xml:21:5-23:62
MERGED from [com.android.support:appcompat-v7:25.1.1] AndroidManifest.xml:21:5-23:78
MERGED from [com.android.support:animated-vector-drawable:25.1.1] AndroidManifest.xml:20:5-44
MERGED from [com.android.support:support-vector-drawable:25.1.1] AndroidManifest.xml:21:5-43
MERGED from [com.android.support:transition:25.1.1] AndroidManifest.xml:20:5-44
MERGED from [com.android.support:support-v4:25.1.1] AndroidManifest.xml:21:5-23:54
MERGED from [com.android.support:support-fragment:25.1.1] AndroidManifest.xml:21:5-23:60
MERGED from [com.android.support:support-media-compat:25.1.1] AndroidManifest.xml:21:5-23:63
MERGED from [com.android.support:support-core-utils:25.1.1] AndroidManifest.xml:21:5-23:61
MERGED from [com.android.support:recyclerview-v7:25.1.1] AndroidManifest.xml:20:5-43
MERGED from [com.android.support:support-core-ui:25.1.1] AndroidManifest.xml:21:5-23:58
MERGED from [com.android.support:support-compat:25.1.1] AndroidManifest.xml:21:5-23:58
MERGED from [com.orhanobut:logger:1.4] AndroidManifest.xml:7:5-9:41
MERGED from [cn.bmob.android:bmob-im:2.0.9] AndroidManifest.xml:7:5-9:41
MERGED from [cn.bmob.android:bmob-sdk:3.5.6] AndroidManifest.xml:7:5-9:41
MERGED from [com.tencent.bugly:crashreport:2.6.6.1] AndroidManifest.xml:5:5-7:41
	tools:overrideLibrary
		ADDED from [com.android.support:design:25.1.1] AndroidManifest.xml:23:9-59
	android:targetSdkVersion
		INJECTED from src\main\AndroidManifest.xml
		INJECTED from src\main\AndroidManifest.xml
	android:minSdkVersion
		INJECTED from src\main\AndroidManifest.xml
		INJECTED from src\main\AndroidManifest.xml
activity#me.nereo.multi_image_selector.MultiImageSelectorActivity
ADDED from [BookCircle:multi-image-selector:unspecified] AndroidManifest.xml:15:9-17:62
	android:configChanges
		ADDED from [BookCircle:multi-image-selector:unspecified] AndroidManifest.xml:17:13-59
	android:name
		ADDED from [BookCircle:multi-image-selector:unspecified] AndroidManifest.xml:16:13-84